0 info it worked if it ends with ok
1 verbose cli [ 'node', '/usr/local/bin/npm', 'run', 'test' ]
2 info using npm@2.11.0
3 info using node@v0.12.1
4 verbose node symlink /usr/local/bin/node
5 verbose run-script [ 'pretest', 'test', 'posttest' ]
6 info pretest gulp-add-file@1.0.0
7 info test gulp-add-file@1.0.0
8 verbose unsafe-perm in lifecycle true
9 info gulp-add-file@1.0.0 Failed to exec test script
10 verbose stack Error: gulp-add-file@1.0.0 test: `istanbul test _mocha --report html -- test/*.js --reporter spec`
10 verbose stack Exit status 1
10 verbose stack     at EventEmitter.<anonymous> (/usr/local/lib/node_modules/npm/lib/utils/lifecycle.js:213:16)
10 verbose stack     at EventEmitter.emit (events.js:110:17)
10 verbose stack     at ChildProcess.<anonymous> (/usr/local/lib/node_modules/npm/lib/utils/spawn.js:24:14)
10 verbose stack     at ChildProcess.emit (events.js:110:17)
10 verbose stack     at maybeClose (child_process.js:1008:16)
10 verbose stack     at Process.ChildProcess._handle.onexit (child_process.js:1080:5)
11 verbose pkgid gulp-add-file@1.0.0
12 verbose cwd /Users/chris/Google Drive/Documents/gulp-reduce
13 error Darwin 14.3.0
14 error argv "node" "/usr/local/bin/npm" "run" "test"
15 error node v0.12.1
16 error npm  v2.11.0
17 error code ELIFECYCLE
18 error gulp-add-file@1.0.0 test: `istanbul test _mocha --report html -- test/*.js --reporter spec`
18 error Exit status 1
19 error Failed at the gulp-add-file@1.0.0 test script 'istanbul test _mocha --report html -- test/*.js --reporter spec'.
19 error This is most likely a problem with the gulp-add-file package,
19 error not with npm itself.
19 error Tell the author that this fails on your system:
19 error     istanbul test _mocha --report html -- test/*.js --reporter spec
19 error You can get their info via:
19 error     npm owner ls gulp-add-file
19 error There is likely additional logging output above.
20 verbose exit [ 1, true ]
